[2025-01-07 22:12:56] INFO: 채권발행정보 스케줄러 시작 
[2025-01-07 22:18:54] INFO: 채권발행정보 스케줄러 종료 
[2025-01-07 22:19:13] INFO: 채권발행정보 스케줄러 시작 
[2025-01-08 20:10:23] INFO: 채권발행정보 스케줄러 종료 
[2025-01-08 20:34:32] INFO: 채권발행정보 스케줄러 시작 {
  "startTime": "2025. 1. 8. 오후 8:34:32",
  "nodeVersion": "v22.12.0"
}
[2025-01-08 20:34:32] INFO: 다음 스케줄러 실행 예정 {
  "nextRun": "2025. 1. 8. 오후 8:35:00"
}
[2025-01-08 20:35:00] INFO: 채권발행정보 갱신 작업 시작 {
  "executionTime": "2025. 1. 8. 오후 8:35:00"
}
[2025-01-08 20:36:00] INFO: 채권발행정보 갱신 작업 시작 {
  "executionTime": "2025. 1. 8. 오후 8:36:00"
}
[2025-01-08 20:36:17] INFO: 채권발행정보 스케줄러 종료 
[2025-01-08 21:01:03] INFO: 채권발행정보 스케줄러 종료 
[2025-01-08 21:19:34] INFO: 채권발행정보 스케줄러 종료 
[2025-01-08 21:28:09] INFO: 채권발행정보 스케줄러 종료 
